<?xml version="1.0" encoding="UTF-8"?>
<!-- Generated by org.testng.reporters.JUnitXMLReporter -->
<testsuite ignored="5" hostname="LIN-PG02LRAW" failures="0" tests="3" name="groupingtest" time="0.182" errors="0" timestamp="2024-12-23T16:12:17 IST">
  <testcase classname="day44.LoginTests" name="loginByEmail" time="0.025"/>
  <testcase classname="day44.LoginTests" name="loginByFacebook" time="0.003"/>
  <testcase classname="day44.LoginTests" name="loginByInstagram" time="0.005"/>
  <testcase classname="day44.PaymentTest" name="paymentDollar" time="0.0">
    <ignored/>
  </testcase> <!-- paymentDollar -->
  <testcase classname="day44.SignUpTest" name="signUpInstagram" time="0.0">
    <ignored/>
  </testcase> <!-- signUpInstagram -->
  <testcase classname="day44.SignUpTest" name="signUpEmail" time="0.0">
    <ignored/>
  </testcase> <!-- signUpEmail -->
  <testcase classname="day44.SignUpTest" name="signUpFacebook" time="0.0">
    <ignored/>
  </testcase> <!-- signUpFacebook -->
  <testcase classname="day44.PaymentTest" name="paymentRupees" time="0.0">
    <ignored/>
  </testcase> <!-- paymentRupees -->
</testsuite> <!-- groupingtest -->
