<?xml version="1.0" encoding="UTF-8"?>
<testng-results ignored="0" total="2" passed="2" failed="0" skipped="0">
  <reporter-output>
  </reporter-output>
  <suite started-at="2024-12-24T13:58:33 IST" name="Default suite" finished-at="2024-12-24T13:58:33 IST" duration-ms="95">
    <groups>
    </groups>
    <test started-at="2024-12-24T13:58:33 IST" name="Default test" finished-at="2024-12-24T13:58:33 IST" duration-ms="95">
      <class name="day43.Annotationdemo2">
        <test-method is-config="true" signature="login()[pri:0, instance:day43.Annotationdemo2@7770f470]" started-at="2024-12-24T13:58:33 IST" name="login" finished-at="2024-12-24T13:58:33 IST" duration-ms="15" status="PASS">
          <reporter-output>
          </reporter-output>
        </test-method> <!-- login -->
        <test-method signature="search()[pri:1, instance:day43.Annotationdemo2@7770f470]" started-at="2024-12-24T13:58:33 IST" name="search" finished-at="2024-12-24T13:58:33 IST" duration-ms="17" status="PASS">
          <reporter-output>
          </reporter-output>
        </test-method> <!-- search -->
        <test-method signature="advanceSearch()[pri:2, instance:day43.Annotationdemo2@7770f470]" started-at="2024-12-24T13:58:33 IST" name="advanceSearch" finished-at="2024-12-24T13:58:33 IST" duration-ms="2" status="PASS">
          <reporter-output>
          </reporter-output>
        </test-method> <!-- advanceSearch -->
        <test-method is-config="true" signature="logout()[pri:0, instance:day43.Annotationdemo2@7770f470]" started-at="2024-12-24T13:58:33 IST" name="logout" finished-at="2024-12-24T13:58:33 IST" duration-ms="1" status="PASS">
          <reporter-output>
          </reporter-output>
        </test-method> <!-- logout -->
      </class> <!-- day43.Annotationdemo2 -->
    </test> <!-- Default test -->
  </suite> <!-- Default suite -->
</testng-results>
